1304 [main] DEBUG o.s.c.a.AnnotationConfigApplicationContext - Refreshing org.springframework.context.annotation.AnnotationConfigApplicationContext@5b464ce8
1353 [main] DEBUG o.s.b.f.s.DefaultListableBeanFactory - Creating shared instance of singleton bean 'org.springframework.context.annotation.internalConfigurationAnnotationProcessor'
1578 [main] DEBUG o.s.c.a.ClassPathBeanDefinitionScanner - Identified candidate component class: file [D:\Nik\projects\university\target\classes\com\foxminded\university\dao\DepartmentDaoImpl.class]
1581 [main] DEBUG o.s.c.a.ClassPathBeanDefinitionScanner - Identified candidate component class: file [D:\Nik\projects\university\target\classes\com\foxminded\university\dao\GroupDaoImpl.class]
1584 [main] DEBUG o.s.c.a.ClassPathBeanDefinitionScanner - Identified candidate component class: file [D:\Nik\projects\university\target\classes\com\foxminded\university\dao\LectureDaoImpl.class]
1586 [main] DEBUG o.s.c.a.ClassPathBeanDefinitionScanner - Identified candidate component class: file [D:\Nik\projects\university\target\classes\com\foxminded\university\dao\ScheduleDaoImpl.class]
1589 [main] DEBUG o.s.c.a.ClassPathBeanDefinitionScanner - Identified candidate component class: file [D:\Nik\projects\university\target\classes\com\foxminded\university\dao\StudentDaoImpl.class]
1591 [main] DEBUG o.s.c.a.ClassPathBeanDefinitionScanner - Identified candidate component class: file [D:\Nik\projects\university\target\classes\com\foxminded\university\dao\TeacherDaoImpl.class]
1671 [main] DEBUG o.s.c.a.ClassPathBeanDefinitionScanner - Identified candidate component class: file [D:\Nik\projects\university\target\classes\com\foxminded\university\service\department\DepartmentServiceImpl.class]
1673 [main] DEBUG o.s.c.a.ClassPathBeanDefinitionScanner - Identified candidate component class: file [D:\Nik\projects\university\target\classes\com\foxminded\university\service\group\GroupServiceImpl.class]
1675 [main] DEBUG o.s.c.a.ClassPathBeanDefinitionScanner - Identified candidate component class: file [D:\Nik\projects\university\target\classes\com\foxminded\university\service\lecture\LectureServiceImpl.class]
1678 [main] DEBUG o.s.c.a.ClassPathBeanDefinitionScanner - Identified candidate component class: file [D:\Nik\projects\university\target\classes\com\foxminded\university\service\schedule\ScheduleServiceImpl.class]
1680 [main] DEBUG o.s.c.a.ClassPathBeanDefinitionScanner - Identified candidate component class: file [D:\Nik\projects\university\target\classes\com\foxminded\university\service\student\StudentServiceImpl.class]
1683 [main] DEBUG o.s.c.a.ClassPathBeanDefinitionScanner - Identified candidate component class: file [D:\Nik\projects\university\target\classes\com\foxminded\university\service\teacher\TeacherServiceImpl.class]
1694 [main] DEBUG o.s.c.a.ClassPathBeanDefinitionScanner - Identified candidate component class: file [D:\Nik\projects\university\target\classes\com\foxminded\university\util\TableCreator.class]
1983 [main] DEBUG o.s.b.f.s.DefaultListableBeanFactory - Creating shared instance of singleton bean 'org.springframework.context.event.internalEventListenerProcessor'
1992 [main] DEBUG o.s.b.f.s.DefaultListableBeanFactory - Creating shared instance of singleton bean 'org.springframework.context.event.internalEventListenerFactory'
1999 [main] DEBUG o.s.b.f.s.DefaultListableBeanFactory - Creating shared instance of singleton bean 'org.springframework.context.annotation.internalAutowiredAnnotationProcessor'
2003 [main] DEBUG o.s.b.f.s.DefaultListableBeanFactory - Creating shared instance of singleton bean 'org.springframework.context.annotation.internalCommonAnnotationProcessor'
2032 [main] DEBUG o.s.b.f.s.DefaultListableBeanFactory - Creating shared instance of singleton bean 'springJdbcConfig'
2055 [main] DEBUG o.s.c.e.PropertySourcesPropertyResolver - Found key 'url' in PropertySource 'class path resource [database.properties]' with value of type String
2063 [main] DEBUG o.s.c.e.PropertySourcesPropertyResolver - Found key 'driver' in PropertySource 'class path resource [database.properties]' with value of type String
2065 [main] DEBUG o.s.c.e.PropertySourcesPropertyResolver - Found key 'dbUserName' in PropertySource 'class path resource [database.properties]' with value of type String
2066 [main] DEBUG o.s.c.e.PropertySourcesPropertyResolver - Found key 'password' in PropertySource 'class path resource [database.properties]' with value of type String
2066 [main] DEBUG o.s.b.f.s.DefaultListableBeanFactory - Creating shared instance of singleton bean 'departmentDaoImpl'
2101 [main] DEBUG o.s.b.f.s.DefaultListableBeanFactory - Creating shared instance of singleton bean 'jdbcTemplate'
2121 [main] DEBUG o.s.b.f.s.DefaultListableBeanFactory - Creating shared instance of singleton bean 'dataSource'
2250 [main] DEBUG o.s.j.d.DriverManagerDataSource - Loaded JDBC driver: org.postgresql.Driver
2278 [main] DEBUG o.s.b.f.s.DefaultListableBeanFactory - Autowiring by type from bean name 'jdbcTemplate' via factory method to bean named 'dataSource'
2318 [main] DEBUG o.s.b.f.s.DefaultListableBeanFactory - Autowiring by type from bean name 'departmentDaoImpl' via constructor to bean named 'jdbcTemplate'
2322 [main] DEBUG o.s.b.f.s.DefaultListableBeanFactory - Creating shared instance of singleton bean 'groupDaoImpl'
2326 [main] DEBUG o.s.b.f.s.DefaultListableBeanFactory - Autowiring by type from bean name 'groupDaoImpl' via constructor to bean named 'jdbcTemplate'
2330 [main] DEBUG o.s.b.f.s.DefaultListableBeanFactory - Creating shared instance of singleton bean 'lectureDaoImpl'
2333 [main] DEBUG o.s.b.f.s.DefaultListableBeanFactory - Autowiring by type from bean name 'lectureDaoImpl' via constructor to bean named 'jdbcTemplate'
2335 [main] DEBUG o.s.b.f.s.DefaultListableBeanFactory - Creating shared instance of singleton bean 'scheduleDaoImpl'
2338 [main] DEBUG o.s.b.f.s.DefaultListableBeanFactory - Autowiring by type from bean name 'scheduleDaoImpl' via constructor to bean named 'jdbcTemplate'
2339 [main] DEBUG o.s.b.f.s.DefaultListableBeanFactory - Creating shared instance of singleton bean 'studentDaoImpl'
2343 [main] DEBUG o.s.b.f.s.DefaultListableBeanFactory - Autowiring by type from bean name 'studentDaoImpl' via constructor to bean named 'jdbcTemplate'
2345 [main] DEBUG o.s.b.f.s.DefaultListableBeanFactory - Creating shared instance of singleton bean 'teacherDaoImpl'
2348 [main] DEBUG o.s.b.f.s.DefaultListableBeanFactory - Autowiring by type from bean name 'teacherDaoImpl' via constructor to bean named 'jdbcTemplate'
2349 [main] DEBUG o.s.b.f.s.DefaultListableBeanFactory - Creating shared instance of singleton bean 'departmentServiceImpl'
2356 [main] DEBUG o.s.b.f.s.DefaultListableBeanFactory - Creating shared instance of singleton bean 'groupServiceImpl'
2358 [main] DEBUG o.s.b.f.s.DefaultListableBeanFactory - Creating shared instance of singleton bean 'lectureServiceImpl'
2361 [main] DEBUG o.s.b.f.s.DefaultListableBeanFactory - Creating shared instance of singleton bean 'scheduleServiceImpl'
2363 [main] DEBUG o.s.b.f.s.DefaultListableBeanFactory - Creating shared instance of singleton bean 'studentServiceImpl'
2365 [main] DEBUG o.s.b.f.s.DefaultListableBeanFactory - Creating shared instance of singleton bean 'teacherServiceImpl'
2367 [main] DEBUG o.s.b.f.s.DefaultListableBeanFactory - Creating shared instance of singleton bean 'tableCreator'
2370 [main] DEBUG o.s.b.f.s.DefaultListableBeanFactory - Autowiring by type from bean name 'tableCreator' via constructor to bean named 'dataSource'
2450 [main] DEBUG o.s.jdbc.core.JdbcTemplate - Executing SQL statement [DROP TABLE IF EXISTS student;DROP TABLE IF EXISTS groups;DROP TABLE IF EXISTS lecture;DROP TABLE IF EXISTS schedule;DROP TABLE IF EXISTS department;DROP TABLE IF EXISTS teacher;CREATE TABLE schedule (    id_schedule SERIAL PRIMARY KEY,    date_schedule DATE);CREATE TABLE department (    id_department SERIAL PRIMARY KEY,    department_name VARCHAR(20) NOT NULL);CREATE TABLE teacher (    id_teacher SERIAL PRIMARY KEY,    first_name VARCHAR(20) NOT NULL,    last_name VARCHAR(50) NOT NULL);CREATE TABLE groups (    id_group SERIAL PRIMARY KEY,    group_name VARCHAR(20) NOT NULL,    id_department INT REFERENCES department(id_department) ON DELETE SET NULL ON UPDATE CASCADE);CREATE TABLE student (    id_student SERIAL PRIMARY KEY,    first_name VARCHAR(20) NOT NULL,    last_name VARCHAR(50) NOT NULL,    id_group INT REFERENCES groups(id_group) ON DELETE SET NULL ON UPDATE CASCADE );CREATE TABLE lecture (    id_lecture SERIAL PRIMARY KEY,    lecture_name VARCHAR(20) NOT NULL,    date_lecture DATE,    start_lecture TIME,    end_lecture TIME,    id_teacher INT REFERENCES teacher(id_teacher) ON DELETE SET NULL ON UPDATE CASCADE)]
2462 [main] DEBUG o.s.jdbc.datasource.DataSourceUtils - Fetching JDBC Connection from DataSource
2462 [main] DEBUG o.s.j.d.DriverManagerDataSource - Creating new JDBC DriverManager Connection to [jdbc:postgresql://localhost:5432/university]
3844 [main] DEBUG o.s.jdbc.core.JdbcTemplate - Executing SQL statement [INSERT INTO schedule (date_schedule) VALUES    ('14.02.2022'),    ('15.02.2022'),    ('16.02.2022');INSERT INTO department (department_name) VALUES    ('Gryffindor'),    ('Slytherin'),    ('Ravenclaw');INSERT INTO groups (id_department, group_name) VALUES    (1, 'aa-11'),    (2, 'bb-22'),    (3, 'cc-33');INSERT INTO student (id_group, first_name, last_name) VALUES    (2, 'Vova', 'Petrov'),    (2, 'Petr', 'Volkov'),    (1, 'Gosha', 'Dud');INSERT INTO teacher (first_name, last_name) VALUES    ('Galina', 'Petrova'),    ('Ekaterina', 'Volkova'),    ('Irina', 'Ivanova');INSERT INTO lecture (lecture_name, id_teacher, date_lecture, start_lecture, end_lecture) VALUES    ('Math', 1, '14.02.2022', '08:30:00', '10:00:00'),    ('English', 2, '14.02.2022', '10:15:00', '11:45:00')]
3844 [main] DEBUG o.s.jdbc.datasource.DataSourceUtils - Fetching JDBC Connection from DataSource
3844 [main] DEBUG o.s.j.d.DriverManagerDataSource - Creating new JDBC DriverManager Connection to [jdbc:postgresql://localhost:5432/university]
4038 [main] DEBUG c.f.u.s.d.DepartmentService - Search department with id = 6
4038 [main] DEBUG c.f.u.s.d.DepartmentService - Search department with id = 6
4043 [main] DEBUG o.s.jdbc.core.JdbcTemplate - Executing prepared SQL query
4044 [main] DEBUG o.s.jdbc.core.JdbcTemplate - Executing prepared SQL statement [SELECT * FROM department WHERE id_department = ?]
4044 [main] DEBUG o.s.jdbc.datasource.DataSourceUtils - Fetching JDBC Connection from DataSource
4044 [main] DEBUG o.s.j.d.DriverManagerDataSource - Creating new JDBC DriverManager Connection to [jdbc:postgresql://localhost:5432/university]
4325 [main] ERROR c.f.u.s.d.DepartmentService - Department with this id does not exist
4325 [main] ERROR c.f.u.s.d.DepartmentService - Department with this id does not exist
1083 [main] DEBUG o.s.c.a.AnnotationConfigApplicationContext - Refreshing org.springframework.context.annotation.AnnotationConfigApplicationContext@511baa65
1119 [main] DEBUG o.s.b.f.s.DefaultListableBeanFactory - Creating shared instance of singleton bean 'org.springframework.context.annotation.internalConfigurationAnnotationProcessor'
1357 [main] DEBUG o.s.c.a.ClassPathBeanDefinitionScanner - Identified candidate component class: file [D:\Nik\projects\university\target\classes\com\foxminded\university\dao\DepartmentDaoImpl.class]
1377 [main] DEBUG o.s.c.a.ClassPathBeanDefinitionScanner - Identified candidate component class: file [D:\Nik\projects\university\target\classes\com\foxminded\university\dao\GroupDaoImpl.class]
1394 [main] DEBUG o.s.c.a.ClassPathBeanDefinitionScanner - Identified candidate component class: file [D:\Nik\projects\university\target\classes\com\foxminded\university\dao\LectureDaoImpl.class]
1413 [main] DEBUG o.s.c.a.ClassPathBeanDefinitionScanner - Identified candidate component class: file [D:\Nik\projects\university\target\classes\com\foxminded\university\dao\ScheduleDaoImpl.class]
1432 [main] DEBUG o.s.c.a.ClassPathBeanDefinitionScanner - Identified candidate component class: file [D:\Nik\projects\university\target\classes\com\foxminded\university\dao\StudentDaoImpl.class]
1470 [main] DEBUG o.s.c.a.ClassPathBeanDefinitionScanner - Identified candidate component class: file [D:\Nik\projects\university\target\classes\com\foxminded\university\dao\TeacherDaoImpl.class]
1617 [main] DEBUG o.s.c.a.ClassPathBeanDefinitionScanner - Identified candidate component class: file [D:\Nik\projects\university\target\classes\com\foxminded\university\service\department\DepartmentServiceImpl.class]
1634 [main] DEBUG o.s.c.a.ClassPathBeanDefinitionScanner - Identified candidate component class: file [D:\Nik\projects\university\target\classes\com\foxminded\university\service\group\GroupServiceImpl.class]
1655 [main] DEBUG o.s.c.a.ClassPathBeanDefinitionScanner - Identified candidate component class: file [D:\Nik\projects\university\target\classes\com\foxminded\university\service\lecture\LectureServiceImpl.class]
1677 [main] DEBUG o.s.c.a.ClassPathBeanDefinitionScanner - Identified candidate component class: file [D:\Nik\projects\university\target\classes\com\foxminded\university\service\schedule\ScheduleServiceImpl.class]
1703 [main] DEBUG o.s.c.a.ClassPathBeanDefinitionScanner - Identified candidate component class: file [D:\Nik\projects\university\target\classes\com\foxminded\university\service\student\StudentServiceImpl.class]
1722 [main] DEBUG o.s.c.a.ClassPathBeanDefinitionScanner - Identified candidate component class: file [D:\Nik\projects\university\target\classes\com\foxminded\university\service\teacher\TeacherServiceImpl.class]
1747 [main] DEBUG o.s.c.a.ClassPathBeanDefinitionScanner - Identified candidate component class: file [D:\Nik\projects\university\target\classes\com\foxminded\university\util\TableCreator.class]
1999 [main] DEBUG o.s.b.f.s.DefaultListableBeanFactory - Creating shared instance of singleton bean 'org.springframework.context.event.internalEventListenerProcessor'
2003 [main] DEBUG o.s.b.f.s.DefaultListableBeanFactory - Creating shared instance of singleton bean 'org.springframework.context.event.internalEventListenerFactory'
2006 [main] DEBUG o.s.b.f.s.DefaultListableBeanFactory - Creating shared instance of singleton bean 'org.springframework.context.annotation.internalAutowiredAnnotationProcessor'
2009 [main] DEBUG o.s.b.f.s.DefaultListableBeanFactory - Creating shared instance of singleton bean 'org.springframework.context.annotation.internalCommonAnnotationProcessor'
2028 [main] DEBUG o.s.b.f.s.DefaultListableBeanFactory - Creating shared instance of singleton bean 'springJdbcConfig'
2053 [main] DEBUG o.s.c.e.PropertySourcesPropertyResolver - Found key 'url' in PropertySource 'class path resource [database.properties]' with value of type String
2058 [main] DEBUG o.s.c.e.PropertySourcesPropertyResolver - Found key 'driver' in PropertySource 'class path resource [database.properties]' with value of type String
2059 [main] DEBUG o.s.c.e.PropertySourcesPropertyResolver - Found key 'dbUserName' in PropertySource 'class path resource [database.properties]' with value of type String
2060 [main] DEBUG o.s.c.e.PropertySourcesPropertyResolver - Found key 'password' in PropertySource 'class path resource [database.properties]' with value of type String
2061 [main] DEBUG o.s.b.f.s.DefaultListableBeanFactory - Creating shared instance of singleton bean 'departmentDaoImpl'
2083 [main] DEBUG o.s.b.f.s.DefaultListableBeanFactory - Creating shared instance of singleton bean 'jdbcTemplate'
2086 [main] DEBUG o.s.b.f.s.DefaultListableBeanFactory - Creating shared instance of singleton bean 'dataSource'
2151 [main] DEBUG o.s.j.d.DriverManagerDataSource - Loaded JDBC driver: org.postgresql.Driver
2162 [main] DEBUG o.s.b.f.s.DefaultListableBeanFactory - Autowiring by type from bean name 'jdbcTemplate' via factory method to bean named 'dataSource'
2194 [main] DEBUG o.s.b.f.s.DefaultListableBeanFactory - Autowiring by type from bean name 'departmentDaoImpl' via constructor to bean named 'jdbcTemplate'
2198 [main] DEBUG o.s.b.f.s.DefaultListableBeanFactory - Creating shared instance of singleton bean 'groupDaoImpl'
2201 [main] DEBUG o.s.b.f.s.DefaultListableBeanFactory - Autowiring by type from bean name 'groupDaoImpl' via constructor to bean named 'jdbcTemplate'
2202 [main] DEBUG o.s.b.f.s.DefaultListableBeanFactory - Creating shared instance of singleton bean 'lectureDaoImpl'
2206 [main] DEBUG o.s.b.f.s.DefaultListableBeanFactory - Autowiring by type from bean name 'lectureDaoImpl' via constructor to bean named 'jdbcTemplate'
2207 [main] DEBUG o.s.b.f.s.DefaultListableBeanFactory - Creating shared instance of singleton bean 'scheduleDaoImpl'
2211 [main] DEBUG o.s.b.f.s.DefaultListableBeanFactory - Autowiring by type from bean name 'scheduleDaoImpl' via constructor to bean named 'jdbcTemplate'
2212 [main] DEBUG o.s.b.f.s.DefaultListableBeanFactory - Creating shared instance of singleton bean 'studentDaoImpl'
2216 [main] DEBUG o.s.b.f.s.DefaultListableBeanFactory - Autowiring by type from bean name 'studentDaoImpl' via constructor to bean named 'jdbcTemplate'
2217 [main] DEBUG o.s.b.f.s.DefaultListableBeanFactory - Creating shared instance of singleton bean 'teacherDaoImpl'
2220 [main] DEBUG o.s.b.f.s.DefaultListableBeanFactory - Autowiring by type from bean name 'teacherDaoImpl' via constructor to bean named 'jdbcTemplate'
2221 [main] DEBUG o.s.b.f.s.DefaultListableBeanFactory - Creating shared instance of singleton bean 'departmentServiceImpl'
2228 [main] DEBUG o.s.b.f.s.DefaultListableBeanFactory - Creating shared instance of singleton bean 'groupServiceImpl'
2231 [main] DEBUG o.s.b.f.s.DefaultListableBeanFactory - Creating shared instance of singleton bean 'lectureServiceImpl'
2234 [main] DEBUG o.s.b.f.s.DefaultListableBeanFactory - Creating shared instance of singleton bean 'scheduleServiceImpl'
2236 [main] DEBUG o.s.b.f.s.DefaultListableBeanFactory - Creating shared instance of singleton bean 'studentServiceImpl'
2239 [main] DEBUG o.s.b.f.s.DefaultListableBeanFactory - Creating shared instance of singleton bean 'teacherServiceImpl'
2241 [main] DEBUG o.s.b.f.s.DefaultListableBeanFactory - Creating shared instance of singleton bean 'tableCreator'
2244 [main] DEBUG o.s.b.f.s.DefaultListableBeanFactory - Autowiring by type from bean name 'tableCreator' via constructor to bean named 'dataSource'
2320 [main] DEBUG o.s.jdbc.core.JdbcTemplate - Executing SQL statement [DROP TABLE IF EXISTS student;DROP TABLE IF EXISTS groups;DROP TABLE IF EXISTS lecture;DROP TABLE IF EXISTS schedule;DROP TABLE IF EXISTS department;DROP TABLE IF EXISTS teacher;CREATE TABLE schedule (    id_schedule SERIAL PRIMARY KEY,    date_schedule DATE);CREATE TABLE department (    id_department SERIAL PRIMARY KEY,    department_name VARCHAR(20) NOT NULL);CREATE TABLE teacher (    id_teacher SERIAL PRIMARY KEY,    first_name VARCHAR(20) NOT NULL,    last_name VARCHAR(50) NOT NULL);CREATE TABLE groups (    id_group SERIAL PRIMARY KEY,    group_name VARCHAR(20) NOT NULL,    id_department INT REFERENCES department(id_department) ON DELETE SET NULL ON UPDATE CASCADE);CREATE TABLE student (    id_student SERIAL PRIMARY KEY,    first_name VARCHAR(20) NOT NULL,    last_name VARCHAR(50) NOT NULL,    id_group INT REFERENCES groups(id_group) ON DELETE SET NULL ON UPDATE CASCADE );CREATE TABLE lecture (    id_lecture SERIAL PRIMARY KEY,    lecture_name VARCHAR(20) NOT NULL,    date_lecture DATE,    start_lecture TIME,    end_lecture TIME,    id_teacher INT REFERENCES teacher(id_teacher) ON DELETE SET NULL ON UPDATE CASCADE)]
2331 [main] DEBUG o.s.jdbc.datasource.DataSourceUtils - Fetching JDBC Connection from DataSource
2331 [main] DEBUG o.s.j.d.DriverManagerDataSource - Creating new JDBC DriverManager Connection to [jdbc:postgresql://localhost:5432/university]
3747 [main] DEBUG o.s.jdbc.core.JdbcTemplate - Executing SQL statement [INSERT INTO schedule (date_schedule) VALUES    ('14.02.2022'),    ('15.02.2022'),    ('16.02.2022');INSERT INTO department (department_name) VALUES    ('Gryffindor'),    ('Slytherin'),    ('Ravenclaw');INSERT INTO groups (id_department, group_name) VALUES    (1, 'aa-11'),    (2, 'bb-22'),    (3, 'cc-33');INSERT INTO student (id_group, first_name, last_name) VALUES    (2, 'Vova', 'Petrov'),    (2, 'Petr', 'Volkov'),    (1, 'Gosha', 'Dud');INSERT INTO teacher (first_name, last_name) VALUES    ('Galina', 'Petrova'),    ('Ekaterina', 'Volkova'),    ('Irina', 'Ivanova');INSERT INTO lecture (lecture_name, id_teacher, date_lecture, start_lecture, end_lecture) VALUES    ('Math', 1, '14.02.2022', '08:30:00', '10:00:00'),    ('English', 2, '14.02.2022', '10:15:00', '11:45:00')]
3748 [main] DEBUG o.s.jdbc.datasource.DataSourceUtils - Fetching JDBC Connection from DataSource
3748 [main] DEBUG o.s.j.d.DriverManagerDataSource - Creating new JDBC DriverManager Connection to [jdbc:postgresql://localhost:5432/university]
4061 [main] DEBUG c.f.u.s.d.DepartmentService - Found department with id = 6
4061 [main] DEBUG c.f.u.s.d.DepartmentService - Found department with id = 6
4067 [main] DEBUG o.s.jdbc.core.JdbcTemplate - Executing prepared SQL query
4068 [main] DEBUG o.s.jdbc.core.JdbcTemplate - Executing prepared SQL statement [SELECT * FROM department WHERE id_department = ?]
4069 [main] DEBUG o.s.jdbc.datasource.DataSourceUtils - Fetching JDBC Connection from DataSource
4069 [main] DEBUG o.s.j.d.DriverManagerDataSource - Creating new JDBC DriverManager Connection to [jdbc:postgresql://localhost:5432/university]
4221 [main] ERROR c.f.u.s.d.DepartmentService - Department with this id does not exist
4221 [main] ERROR c.f.u.s.d.DepartmentService - Department with this id does not exist
926  [main] DEBUG o.s.c.a.AnnotationConfigApplicationContext - Refreshing org.springframework.context.annotation.AnnotationConfigApplicationContext@5b464ce8
959  [main] DEBUG o.s.b.f.s.DefaultListableBeanFactory - Creating shared instance of singleton bean 'org.springframework.context.annotation.internalConfigurationAnnotationProcessor'
1121 [main] DEBUG o.s.c.a.ClassPathBeanDefinitionScanner - Identified candidate component class: file [D:\Nik\projects\university\target\classes\com\foxminded\university\dao\DepartmentDaoImpl.class]
1122 [main] DEBUG o.s.c.a.ClassPathBeanDefinitionScanner - Identified candidate component class: file [D:\Nik\projects\university\target\classes\com\foxminded\university\dao\GroupDaoImpl.class]
1124 [main] DEBUG o.s.c.a.ClassPathBeanDefinitionScanner - Identified candidate component class: file [D:\Nik\projects\university\target\classes\com\foxminded\university\dao\LectureDaoImpl.class]
1125 [main] DEBUG o.s.c.a.ClassPathBeanDefinitionScanner - Identified candidate component class: file [D:\Nik\projects\university\target\classes\com\foxminded\university\dao\ScheduleDaoImpl.class]
1127 [main] DEBUG o.s.c.a.ClassPathBeanDefinitionScanner - Identified candidate component class: file [D:\Nik\projects\university\target\classes\com\foxminded\university\dao\StudentDaoImpl.class]
1128 [main] DEBUG o.s.c.a.ClassPathBeanDefinitionScanner - Identified candidate component class: file [D:\Nik\projects\university\target\classes\com\foxminded\university\dao\TeacherDaoImpl.class]
1145 [main] DEBUG o.s.c.a.ClassPathBeanDefinitionScanner - Identified candidate component class: file [D:\Nik\projects\university\target\classes\com\foxminded\university\service\department\DepartmentServiceImpl.class]
1147 [main] DEBUG o.s.c.a.ClassPathBeanDefinitionScanner - Identified candidate component class: file [D:\Nik\projects\university\target\classes\com\foxminded\university\service\group\GroupServiceImpl.class]
1148 [main] DEBUG o.s.c.a.ClassPathBeanDefinitionScanner - Identified candidate component class: file [D:\Nik\projects\university\target\classes\com\foxminded\university\service\lecture\LectureServiceImpl.class]
1150 [main] DEBUG o.s.c.a.ClassPathBeanDefinitionScanner - Identified candidate component class: file [D:\Nik\projects\university\target\classes\com\foxminded\university\service\schedule\ScheduleServiceImpl.class]
1151 [main] DEBUG o.s.c.a.ClassPathBeanDefinitionScanner - Identified candidate component class: file [D:\Nik\projects\university\target\classes\com\foxminded\university\service\student\StudentServiceImpl.class]
1152 [main] DEBUG o.s.c.a.ClassPathBeanDefinitionScanner - Identified candidate component class: file [D:\Nik\projects\university\target\classes\com\foxminded\university\service\teacher\TeacherServiceImpl.class]
1163 [main] DEBUG o.s.c.a.ClassPathBeanDefinitionScanner - Identified candidate component class: file [D:\Nik\projects\university\target\classes\com\foxminded\university\util\TableCreator.class]
1489 [main] DEBUG o.s.b.f.s.DefaultListableBeanFactory - Creating shared instance of singleton bean 'org.springframework.context.event.internalEventListenerProcessor'
1493 [main] DEBUG o.s.b.f.s.DefaultListableBeanFactory - Creating shared instance of singleton bean 'org.springframework.context.event.internalEventListenerFactory'
1496 [main] DEBUG o.s.b.f.s.DefaultListableBeanFactory - Creating shared instance of singleton bean 'org.springframework.context.annotation.internalAutowiredAnnotationProcessor'
1500 [main] DEBUG o.s.b.f.s.DefaultListableBeanFactory - Creating shared instance of singleton bean 'org.springframework.context.annotation.internalCommonAnnotationProcessor'
1518 [main] DEBUG o.s.b.f.s.DefaultListableBeanFactory - Creating shared instance of singleton bean 'springJdbcConfig'
1543 [main] DEBUG o.s.c.e.PropertySourcesPropertyResolver - Found key 'url' in PropertySource 'class path resource [database.properties]' with value of type String
1555 [main] DEBUG o.s.c.e.PropertySourcesPropertyResolver - Found key 'driver' in PropertySource 'class path resource [database.properties]' with value of type String
1556 [main] DEBUG o.s.c.e.PropertySourcesPropertyResolver - Found key 'dbUserName' in PropertySource 'class path resource [database.properties]' with value of type String
1557 [main] DEBUG o.s.c.e.PropertySourcesPropertyResolver - Found key 'password' in PropertySource 'class path resource [database.properties]' with value of type String
1557 [main] DEBUG o.s.b.f.s.DefaultListableBeanFactory - Creating shared instance of singleton bean 'departmentDaoImpl'
1586 [main] DEBUG o.s.b.f.s.DefaultListableBeanFactory - Creating shared instance of singleton bean 'jdbcTemplate'
1590 [main] DEBUG o.s.b.f.s.DefaultListableBeanFactory - Creating shared instance of singleton bean 'dataSource'
1658 [main] DEBUG o.s.j.d.DriverManagerDataSource - Loaded JDBC driver: org.postgresql.Driver
1666 [main] DEBUG o.s.b.f.s.DefaultListableBeanFactory - Autowiring by type from bean name 'jdbcTemplate' via factory method to bean named 'dataSource'
1714 [main] DEBUG o.s.b.f.s.DefaultListableBeanFactory - Autowiring by type from bean name 'departmentDaoImpl' via constructor to bean named 'jdbcTemplate'
1718 [main] DEBUG o.s.b.f.s.DefaultListableBeanFactory - Creating shared instance of singleton bean 'groupDaoImpl'
1723 [main] DEBUG o.s.b.f.s.DefaultListableBeanFactory - Autowiring by type from bean name 'groupDaoImpl' via constructor to bean named 'jdbcTemplate'
1726 [main] DEBUG o.s.b.f.s.DefaultListableBeanFactory - Creating shared instance of singleton bean 'lectureDaoImpl'
1730 [main] DEBUG o.s.b.f.s.DefaultListableBeanFactory - Autowiring by type from bean name 'lectureDaoImpl' via constructor to bean named 'jdbcTemplate'
1734 [main] DEBUG o.s.b.f.s.DefaultListableBeanFactory - Creating shared instance of singleton bean 'scheduleDaoImpl'
1738 [main] DEBUG o.s.b.f.s.DefaultListableBeanFactory - Autowiring by type from bean name 'scheduleDaoImpl' via constructor to bean named 'jdbcTemplate'
1740 [main] DEBUG o.s.b.f.s.DefaultListableBeanFactory - Creating shared instance of singleton bean 'studentDaoImpl'
1744 [main] DEBUG o.s.b.f.s.DefaultListableBeanFactory - Autowiring by type from bean name 'studentDaoImpl' via constructor to bean named 'jdbcTemplate'
1746 [main] DEBUG o.s.b.f.s.DefaultListableBeanFactory - Creating shared instance of singleton bean 'teacherDaoImpl'
1749 [main] DEBUG o.s.b.f.s.DefaultListableBeanFactory - Autowiring by type from bean name 'teacherDaoImpl' via constructor to bean named 'jdbcTemplate'
1750 [main] DEBUG o.s.b.f.s.DefaultListableBeanFactory - Creating shared instance of singleton bean 'departmentServiceImpl'
1762 [main] DEBUG o.s.b.f.s.DefaultListableBeanFactory - Creating shared instance of singleton bean 'groupServiceImpl'
1766 [main] DEBUG o.s.b.f.s.DefaultListableBeanFactory - Creating shared instance of singleton bean 'lectureServiceImpl'
1769 [main] DEBUG o.s.b.f.s.DefaultListableBeanFactory - Creating shared instance of singleton bean 'scheduleServiceImpl'
1773 [main] DEBUG o.s.b.f.s.DefaultListableBeanFactory - Creating shared instance of singleton bean 'studentServiceImpl'
1777 [main] DEBUG o.s.b.f.s.DefaultListableBeanFactory - Creating shared instance of singleton bean 'teacherServiceImpl'
1779 [main] DEBUG o.s.b.f.s.DefaultListableBeanFactory - Creating shared instance of singleton bean 'tableCreator'
1783 [main] DEBUG o.s.b.f.s.DefaultListableBeanFactory - Autowiring by type from bean name 'tableCreator' via constructor to bean named 'dataSource'
1837 [main] DEBUG o.s.jdbc.core.JdbcTemplate - Executing SQL statement [DROP TABLE IF EXISTS student;DROP TABLE IF EXISTS groups;DROP TABLE IF EXISTS lecture;DROP TABLE IF EXISTS schedule;DROP TABLE IF EXISTS department;DROP TABLE IF EXISTS teacher;CREATE TABLE schedule (    id_schedule SERIAL PRIMARY KEY,    date_schedule DATE);CREATE TABLE department (    id_department SERIAL PRIMARY KEY,    department_name VARCHAR(20) NOT NULL);CREATE TABLE teacher (    id_teacher SERIAL PRIMARY KEY,    first_name VARCHAR(20) NOT NULL,    last_name VARCHAR(50) NOT NULL);CREATE TABLE groups (    id_group SERIAL PRIMARY KEY,    group_name VARCHAR(20) NOT NULL,    id_department INT REFERENCES department(id_department) ON DELETE SET NULL ON UPDATE CASCADE);CREATE TABLE student (    id_student SERIAL PRIMARY KEY,    first_name VARCHAR(20) NOT NULL,    last_name VARCHAR(50) NOT NULL,    id_group INT REFERENCES groups(id_group) ON DELETE SET NULL ON UPDATE CASCADE );CREATE TABLE lecture (    id_lecture SERIAL PRIMARY KEY,    lecture_name VARCHAR(20) NOT NULL,    date_lecture DATE,    start_lecture TIME,    end_lecture TIME,    id_teacher INT REFERENCES teacher(id_teacher) ON DELETE SET NULL ON UPDATE CASCADE)]
1844 [main] DEBUG o.s.jdbc.datasource.DataSourceUtils - Fetching JDBC Connection from DataSource
1844 [main] DEBUG o.s.j.d.DriverManagerDataSource - Creating new JDBC DriverManager Connection to [jdbc:postgresql://localhost:5432/university]
2843 [main] DEBUG o.s.jdbc.core.JdbcTemplate - Executing SQL statement [INSERT INTO schedule (date_schedule) VALUES    ('14.02.2022'),    ('15.02.2022'),    ('16.02.2022');INSERT INTO department (department_name) VALUES    ('Gryffindor'),    ('Slytherin'),    ('Ravenclaw');INSERT INTO groups (id_department, group_name) VALUES    (1, 'aa-11'),    (2, 'bb-22'),    (3, 'cc-33');INSERT INTO student (id_group, first_name, last_name) VALUES    (2, 'Vova', 'Petrov'),    (2, 'Petr', 'Volkov'),    (1, 'Gosha', 'Dud');INSERT INTO teacher (first_name, last_name) VALUES    ('Galina', 'Petrova'),    ('Ekaterina', 'Volkova'),    ('Irina', 'Ivanova');INSERT INTO lecture (lecture_name, id_teacher, date_lecture, start_lecture, end_lecture) VALUES    ('Math', 1, '14.02.2022', '08:30:00', '10:00:00'),    ('English', 2, '14.02.2022', '10:15:00', '11:45:00')]
2844 [main] DEBUG o.s.jdbc.datasource.DataSourceUtils - Fetching JDBC Connection from DataSource
2845 [main] DEBUG o.s.j.d.DriverManagerDataSource - Creating new JDBC DriverManager Connection to [jdbc:postgresql://localhost:5432/university]
3068 [main] DEBUG c.f.u.s.d.DepartmentService - Found department with id = 2
3068 [main] DEBUG c.f.u.s.d.DepartmentService - Found department with id = 2
3073 [main] DEBUG o.s.jdbc.core.JdbcTemplate - Executing prepared SQL query
3074 [main] DEBUG o.s.jdbc.core.JdbcTemplate - Executing prepared SQL statement [SELECT * FROM department WHERE id_department = ?]
3074 [main] DEBUG o.s.jdbc.datasource.DataSourceUtils - Fetching JDBC Connection from DataSource
3074 [main] DEBUG o.s.j.d.DriverManagerDataSource - Creating new JDBC DriverManager Connection to [jdbc:postgresql://localhost:5432/university]
1246 [main] DEBUG o.s.c.a.AnnotationConfigApplicationContext - Refreshing org.springframework.context.annotation.AnnotationConfigApplicationContext@5b464ce8
1294 [main] DEBUG o.s.b.f.s.DefaultListableBeanFactory - Creating shared instance of singleton bean 'org.springframework.context.annotation.internalConfigurationAnnotationProcessor'
1487 [main] DEBUG o.s.c.a.ClassPathBeanDefinitionScanner - Identified candidate component class: file [D:\Nik\projects\university\target\classes\com\foxminded\university\dao\DepartmentDaoImpl.class]
1489 [main] DEBUG o.s.c.a.ClassPathBeanDefinitionScanner - Identified candidate component class: file [D:\Nik\projects\university\target\classes\com\foxminded\university\dao\GroupDaoImpl.class]
1491 [main] DEBUG o.s.c.a.ClassPathBeanDefinitionScanner - Identified candidate component class: file [D:\Nik\projects\university\target\classes\com\foxminded\university\dao\LectureDaoImpl.class]
1493 [main] DEBUG o.s.c.a.ClassPathBeanDefinitionScanner - Identified candidate component class: file [D:\Nik\projects\university\target\classes\com\foxminded\university\dao\ScheduleDaoImpl.class]
1496 [main] DEBUG o.s.c.a.ClassPathBeanDefinitionScanner - Identified candidate component class: file [D:\Nik\projects\university\target\classes\com\foxminded\university\dao\StudentDaoImpl.class]
1523 [main] DEBUG o.s.c.a.ClassPathBeanDefinitionScanner - Identified candidate component class: file [D:\Nik\projects\university\target\classes\com\foxminded\university\dao\TeacherDaoImpl.class]
1649 [main] DEBUG o.s.c.a.ClassPathBeanDefinitionScanner - Identified candidate component class: file [D:\Nik\projects\university\target\classes\com\foxminded\university\service\department\DepartmentServiceImpl.class]
1663 [main] DEBUG o.s.c.a.ClassPathBeanDefinitionScanner - Identified candidate component class: file [D:\Nik\projects\university\target\classes\com\foxminded\university\service\group\GroupServiceImpl.class]
1665 [main] DEBUG o.s.c.a.ClassPathBeanDefinitionScanner - Identified candidate component class: file [D:\Nik\projects\university\target\classes\com\foxminded\university\service\lecture\LectureServiceImpl.class]
1667 [main] DEBUG o.s.c.a.ClassPathBeanDefinitionScanner - Identified candidate component class: file [D:\Nik\projects\university\target\classes\com\foxminded\university\service\schedule\ScheduleServiceImpl.class]
1670 [main] DEBUG o.s.c.a.ClassPathBeanDefinitionScanner - Identified candidate component class: file [D:\Nik\projects\university\target\classes\com\foxminded\university\service\student\StudentServiceImpl.class]
1673 [main] DEBUG o.s.c.a.ClassPathBeanDefinitionScanner - Identified candidate component class: file [D:\Nik\projects\university\target\classes\com\foxminded\university\service\teacher\TeacherServiceImpl.class]
1682 [main] DEBUG o.s.c.a.ClassPathBeanDefinitionScanner - Identified candidate component class: file [D:\Nik\projects\university\target\classes\com\foxminded\university\util\TableCreator.class]
2023 [main] DEBUG o.s.b.f.s.DefaultListableBeanFactory - Creating shared instance of singleton bean 'org.springframework.context.event.internalEventListenerProcessor'
2029 [main] DEBUG o.s.b.f.s.DefaultListableBeanFactory - Creating shared instance of singleton bean 'org.springframework.context.event.internalEventListenerFactory'
2035 [main] DEBUG o.s.b.f.s.DefaultListableBeanFactory - Creating shared instance of singleton bean 'org.springframework.context.annotation.internalAutowiredAnnotationProcessor'
2040 [main] DEBUG o.s.b.f.s.DefaultListableBeanFactory - Creating shared instance of singleton bean 'org.springframework.context.annotation.internalCommonAnnotationProcessor'
2080 [main] DEBUG o.s.b.f.s.DefaultListableBeanFactory - Creating shared instance of singleton bean 'springJdbcConfig'
2115 [main] DEBUG o.s.c.e.PropertySourcesPropertyResolver - Found key 'url' in PropertySource 'class path resource [database.properties]' with value of type String
2122 [main] DEBUG o.s.c.e.PropertySourcesPropertyResolver - Found key 'driver' in PropertySource 'class path resource [database.properties]' with value of type String
2123 [main] DEBUG o.s.c.e.PropertySourcesPropertyResolver - Found key 'dbUserName' in PropertySource 'class path resource [database.properties]' with value of type String
2124 [main] DEBUG o.s.c.e.PropertySourcesPropertyResolver - Found key 'password' in PropertySource 'class path resource [database.properties]' with value of type String
2124 [main] DEBUG o.s.b.f.s.DefaultListableBeanFactory - Creating shared instance of singleton bean 'departmentDaoImpl'
2168 [main] DEBUG o.s.b.f.s.DefaultListableBeanFactory - Creating shared instance of singleton bean 'jdbcTemplate'
2172 [main] DEBUG o.s.b.f.s.DefaultListableBeanFactory - Creating shared instance of singleton bean 'dataSource'
2259 [main] DEBUG o.s.j.d.DriverManagerDataSource - Loaded JDBC driver: org.postgresql.Driver
2273 [main] DEBUG o.s.b.f.s.DefaultListableBeanFactory - Autowiring by type from bean name 'jdbcTemplate' via factory method to bean named 'dataSource'
2323 [main] DEBUG o.s.b.f.s.DefaultListableBeanFactory - Autowiring by type from bean name 'departmentDaoImpl' via constructor to bean named 'jdbcTemplate'
2328 [main] DEBUG o.s.b.f.s.DefaultListableBeanFactory - Creating shared instance of singleton bean 'groupDaoImpl'
2332 [main] DEBUG o.s.b.f.s.DefaultListableBeanFactory - Autowiring by type from bean name 'groupDaoImpl' via constructor to bean named 'jdbcTemplate'
2334 [main] DEBUG o.s.b.f.s.DefaultListableBeanFactory - Creating shared instance of singleton bean 'lectureDaoImpl'
2341 [main] DEBUG o.s.b.f.s.DefaultListableBeanFactory - Autowiring by type from bean name 'lectureDaoImpl' via constructor to bean named 'jdbcTemplate'
2344 [main] DEBUG o.s.b.f.s.DefaultListableBeanFactory - Creating shared instance of singleton bean 'scheduleDaoImpl'
2354 [main] DEBUG o.s.b.f.s.DefaultListableBeanFactory - Autowiring by type from bean name 'scheduleDaoImpl' via constructor to bean named 'jdbcTemplate'
2356 [main] DEBUG o.s.b.f.s.DefaultListableBeanFactory - Creating shared instance of singleton bean 'studentDaoImpl'
2362 [main] DEBUG o.s.b.f.s.DefaultListableBeanFactory - Autowiring by type from bean name 'studentDaoImpl' via constructor to bean named 'jdbcTemplate'
2363 [main] DEBUG o.s.b.f.s.DefaultListableBeanFactory - Creating shared instance of singleton bean 'teacherDaoImpl'
2372 [main] DEBUG o.s.b.f.s.DefaultListableBeanFactory - Autowiring by type from bean name 'teacherDaoImpl' via constructor to bean named 'jdbcTemplate'
2375 [main] DEBUG o.s.b.f.s.DefaultListableBeanFactory - Creating shared instance of singleton bean 'departmentServiceImpl'
2389 [main] DEBUG o.s.b.f.s.DefaultListableBeanFactory - Creating shared instance of singleton bean 'groupServiceImpl'
2391 [main] DEBUG o.s.b.f.s.DefaultListableBeanFactory - Creating shared instance of singleton bean 'lectureServiceImpl'
2394 [main] DEBUG o.s.b.f.s.DefaultListableBeanFactory - Creating shared instance of singleton bean 'scheduleServiceImpl'
2397 [main] DEBUG o.s.b.f.s.DefaultListableBeanFactory - Creating shared instance of singleton bean 'studentServiceImpl'
2399 [main] DEBUG o.s.b.f.s.DefaultListableBeanFactory - Creating shared instance of singleton bean 'teacherServiceImpl'
2402 [main] DEBUG o.s.b.f.s.DefaultListableBeanFactory - Creating shared instance of singleton bean 'tableCreator'
2406 [main] DEBUG o.s.b.f.s.DefaultListableBeanFactory - Autowiring by type from bean name 'tableCreator' via constructor to bean named 'dataSource'
2474 [main] DEBUG o.s.jdbc.core.JdbcTemplate - Executing SQL statement [DROP TABLE IF EXISTS student;DROP TABLE IF EXISTS groups;DROP TABLE IF EXISTS lecture;DROP TABLE IF EXISTS schedule;DROP TABLE IF EXISTS department;DROP TABLE IF EXISTS teacher;CREATE TABLE schedule (    id_schedule SERIAL PRIMARY KEY,    date_schedule DATE);CREATE TABLE department (    id_department SERIAL PRIMARY KEY,    department_name VARCHAR(20) NOT NULL);CREATE TABLE teacher (    id_teacher SERIAL PRIMARY KEY,    first_name VARCHAR(20) NOT NULL,    last_name VARCHAR(50) NOT NULL);CREATE TABLE groups (    id_group SERIAL PRIMARY KEY,    group_name VARCHAR(20) NOT NULL,    id_department INT REFERENCES department(id_department) ON DELETE SET NULL ON UPDATE CASCADE);CREATE TABLE student (    id_student SERIAL PRIMARY KEY,    first_name VARCHAR(20) NOT NULL,    last_name VARCHAR(50) NOT NULL,    id_group INT REFERENCES groups(id_group) ON DELETE SET NULL ON UPDATE CASCADE );CREATE TABLE lecture (    id_lecture SERIAL PRIMARY KEY,    lecture_name VARCHAR(20) NOT NULL,    date_lecture DATE,    start_lecture TIME,    end_lecture TIME,    id_teacher INT REFERENCES teacher(id_teacher) ON DELETE SET NULL ON UPDATE CASCADE)]
2488 [main] DEBUG o.s.jdbc.datasource.DataSourceUtils - Fetching JDBC Connection from DataSource
2488 [main] DEBUG o.s.j.d.DriverManagerDataSource - Creating new JDBC DriverManager Connection to [jdbc:postgresql://localhost:5432/university]
4060 [main] DEBUG o.s.jdbc.core.JdbcTemplate - Executing SQL statement [INSERT INTO schedule (date_schedule) VALUES    ('14.02.2022'),    ('15.02.2022'),    ('16.02.2022');INSERT INTO department (department_name) VALUES    ('Gryffindor'),    ('Slytherin'),    ('Ravenclaw');INSERT INTO groups (id_department, group_name) VALUES    (1, 'aa-11'),    (2, 'bb-22'),    (3, 'cc-33');INSERT INTO student (id_group, first_name, last_name) VALUES    (2, 'Vova', 'Petrov'),    (2, 'Petr', 'Volkov'),    (1, 'Gosha', 'Dud');INSERT INTO teacher (first_name, last_name) VALUES    ('Galina', 'Petrova'),    ('Ekaterina', 'Volkova'),    ('Irina', 'Ivanova');INSERT INTO lecture (lecture_name, id_teacher, date_lecture, start_lecture, end_lecture) VALUES    ('Math', 1, '14.02.2022', '08:30:00', '10:00:00'),    ('English', 2, '14.02.2022', '10:15:00', '11:45:00')]
4061 [main] DEBUG o.s.jdbc.datasource.DataSourceUtils - Fetching JDBC Connection from DataSource
4061 [main] DEBUG o.s.j.d.DriverManagerDataSource - Creating new JDBC DriverManager Connection to [jdbc:postgresql://localhost:5432/university]
4246 [main] TRACE c.f.u.s.d.DepartmentService - Entered method getByI
4246 [main] TRACE c.f.u.s.d.DepartmentService - Entered method getByI
4247 [main] DEBUG c.f.u.s.d.DepartmentService - Found department with id = 2
4247 [main] DEBUG c.f.u.s.d.DepartmentService - Found department with id = 2
4253 [main] DEBUG o.s.jdbc.core.JdbcTemplate - Executing prepared SQL query
4254 [main] DEBUG o.s.jdbc.core.JdbcTemplate - Executing prepared SQL statement [SELECT * FROM department WHERE id_department = ?]
4254 [main] DEBUG o.s.jdbc.datasource.DataSourceUtils - Fetching JDBC Connection from DataSource
4254 [main] DEBUG o.s.j.d.DriverManagerDataSource - Creating new JDBC DriverManager Connection to [jdbc:postgresql://localhost:5432/university]
